<?xml version="1.0" encoding="UTF-8"?>
<testng-results ignored="0" total="1" passed="1" failed="0" skipped="0">
  <reporter-output>
  </reporter-output>
  <suite started-at="2022-09-08T22:22:21 IST" name="Default suite" finished-at="2022-09-08T22:22:21 IST" duration-ms="121">
    <groups>
    </groups>
    <test started-at="2022-09-08T22:22:21 IST" name="Default test" finished-at="2022-09-08T22:22:21 IST" duration-ms="121">
      <class name="practice.DemoTest">
        <test-method signature="demo()[pri:0, instance:practice.DemoTest@2f7c2f4f]" started-at="2022-09-08T22:22:21 IST" name="demo" finished-at="2022-09-08T22:22:21 IST" duration-ms="16" status="PASS">
          <reporter-output>
          </reporter-output>
        </test-method> <!-- demo -->
      </class> <!-- practice.DemoTest -->
    </test> <!-- Default test -->
  </suite> <!-- Default suite -->
</testng-results>
